

Started GET "/" for ::1 at 2016-05-03 10:46:10 +1000
Processing by Rails::WelcomeController#index as HTML
  Rendered /Users/simona/.rbenv/versions/2.2.3/lib/ruby/gems/2.2.0/gems/railties-4.2.4/lib/rails/templates/rails/welcome/index.html.erb (4.0ms)
Completed 200 OK in 40ms (Views: 23.4ms | ActiveRecord: 0.0ms)


Started GET "/" for ::1 at 2016-05-03 10:46:11 +1000
Processing by Rails::WelcomeController#index as HTML
  Rendered /Users/simona/.rbenv/versions/2.2.3/lib/ruby/gems/2.2.0/gems/railties-4.2.4/lib/rails/templates/rails/welcome/index.html.erb (0.1ms)
Completed 200 OK in 3ms (Views: 2.3ms | ActiveRecord: 0.0ms)


Started GET "/" for ::1 at 2016-05-03 10:55:12 +1000
Processing by Rails::WelcomeController#index as HTML
  Rendered /Users/simona/.rbenv/versions/2.2.3/lib/ruby/gems/2.2.0/gems/railties-4.2.4/lib/rails/templates/rails/welcome/index.html.erb (3.1ms)
Completed 200 OK in 24ms (Views: 13.8ms | ActiveRecord: 0.0ms)


Started GET "/" for ::1 at 2016-05-03 10:58:05 +1000
Processing by WelcomeController#index as HTML
  Rendered welcome/index.html.erb within layouts/application (0.4ms)
Completed 200 OK in 20586ms (Views: 20586.3ms | ActiveRecord: 0.0ms)


Started GET "/assets/welcome.self-e3b0c44298fc1c149afbf4c8996fb92427ae41e4649b934ca495991b7852b855.css?body=1" for ::1 at 2016-05-03 10:58:25 +1000


Started GET "/assets/application.self-d885a0a66bd595c10edb24f8879f94e334d88be0730c4d7c7a7b57c731c09037.css?body=1" for ::1 at 2016-05-03 10:58:25 +1000


Started GET "/assets/jquery.self-660adc51e0224b731d29f575a6f1ec167ba08ad06ed5deca4f1e8654c135bf4c.js?body=1" for ::1 at 2016-05-03 10:58:25 +1000


Started GET "/assets/jquery_ujs.self-e87806d0cf4489aeb1bb7288016024e8de67fd18db693fe026fe3907581e53cd.js?body=1" for ::1 at 2016-05-03 10:58:25 +1000


Started GET "/assets/welcome.self-877aef30ae1b040ab8a3aba4e3e309a11d7f2612f44dde450b5c157aa5f95c05.js?body=1" for ::1 at 2016-05-03 10:58:25 +1000


Started GET "/assets/leaflet.self-493a2d3ac5c979cb6eec7867e18ff192046edefb11bcccf2418ff1b1f1bfa431.js?body=1" for ::1 at 2016-05-03 10:58:25 +1000


Started GET "/assets/leaflet.self-c586f9a074399d87ecfe9b87e819f86390348631bc17b52f09bca64dcc315f71.css?body=1" for ::1 at 2016-05-03 10:58:25 +1000


Started GET "/assets/turbolinks.self-c37727e9bd6b2735da5c311aa83fead54ed0be6cc8bd9a65309e9c5abe2cbfff.js?body=1" for ::1 at 2016-05-03 10:58:25 +1000


Started GET "/assets/application.self-f8806224e027f3e3f0138ea9ce99319e298dfdb323304d1f1be6eae8e8c74724.js?body=1" for ::1 at 2016-05-03 10:58:25 +1000


Started GET "/" for ::1 at 2016-05-03 11:00:55 +1000
Processing by WelcomeController#index as HTML
  Rendered welcome/index.html.erb within layouts/application (0.8ms)
Completed 200 OK in 45ms (Views: 44.5ms | ActiveRecord: 0.0ms)


Started GET "/assets/welcome.self-e3b0c44298fc1c149afbf4c8996fb92427ae41e4649b934ca495991b7852b855.css?body=1" for ::1 at 2016-05-03 11:00:55 +1000


Started GET "/assets/application.self-d885a0a66bd595c10edb24f8879f94e334d88be0730c4d7c7a7b57c731c09037.css?body=1" for ::1 at 2016-05-03 11:00:55 +1000


Started GET "/assets/leaflet.self-c586f9a074399d87ecfe9b87e819f86390348631bc17b52f09bca64dcc315f71.css?body=1" for ::1 at 2016-05-03 11:00:55 +1000


Started GET "/assets/jquery.self-660adc51e0224b731d29f575a6f1ec167ba08ad06ed5deca4f1e8654c135bf4c.js?body=1" for ::1 at 2016-05-03 11:00:55 +1000


Started GET "/assets/turbolinks.self-c37727e9bd6b2735da5c311aa83fead54ed0be6cc8bd9a65309e9c5abe2cbfff.js?body=1" for ::1 at 2016-05-03 11:00:55 +1000


Started GET "/assets/jquery_ujs.self-e87806d0cf4489aeb1bb7288016024e8de67fd18db693fe026fe3907581e53cd.js?body=1" for ::1 at 2016-05-03 11:00:55 +1000


Started GET "/assets/leaflet.self-493a2d3ac5c979cb6eec7867e18ff192046edefb11bcccf2418ff1b1f1bfa431.js?body=1" for ::1 at 2016-05-03 11:00:55 +1000


Started GET "/assets/application.self-f8806224e027f3e3f0138ea9ce99319e298dfdb323304d1f1be6eae8e8c74724.js?body=1" for ::1 at 2016-05-03 11:00:55 +1000


Started GET "/assets/welcome.self-877aef30ae1b040ab8a3aba4e3e309a11d7f2612f44dde450b5c157aa5f95c05.js?body=1" for ::1 at 2016-05-03 11:00:55 +1000


Started GET "/" for ::1 at 2016-05-03 11:02:11 +1000
Processing by WelcomeController#index as HTML
  Rendered welcome/index.html.erb within layouts/application (0.7ms)
Completed 200 OK in 27ms (Views: 26.4ms | ActiveRecord: 0.0ms)


Started GET "/assets/welcome.self-e3b0c44298fc1c149afbf4c8996fb92427ae41e4649b934ca495991b7852b855.css?body=1" for ::1 at 2016-05-03 11:02:11 +1000


Started GET "/assets/leaflet.self-c586f9a074399d87ecfe9b87e819f86390348631bc17b52f09bca64dcc315f71.css?body=1" for ::1 at 2016-05-03 11:02:12 +1000


Started GET "/assets/jquery_ujs.self-e87806d0cf4489aeb1bb7288016024e8de67fd18db693fe026fe3907581e53cd.js?body=1" for ::1 at 2016-05-03 11:02:12 +1000


Started GET "/assets/application.self-d885a0a66bd595c10edb24f8879f94e334d88be0730c4d7c7a7b57c731c09037.css?body=1" for ::1 at 2016-05-03 11:02:12 +1000


Started GET "/assets/jquery.self-660adc51e0224b731d29f575a6f1ec167ba08ad06ed5deca4f1e8654c135bf4c.js?body=1" for ::1 at 2016-05-03 11:02:12 +1000


Started GET "/assets/turbolinks.self-c37727e9bd6b2735da5c311aa83fead54ed0be6cc8bd9a65309e9c5abe2cbfff.js?body=1" for ::1 at 2016-05-03 11:02:12 +1000


Started GET "/assets/leaflet.self-493a2d3ac5c979cb6eec7867e18ff192046edefb11bcccf2418ff1b1f1bfa431.js?body=1" for ::1 at 2016-05-03 11:02:12 +1000


Started GET "/assets/welcome.self-877aef30ae1b040ab8a3aba4e3e309a11d7f2612f44dde450b5c157aa5f95c05.js?body=1" for ::1 at 2016-05-03 11:02:12 +1000


Started GET "/assets/application.self-f8806224e027f3e3f0138ea9ce99319e298dfdb323304d1f1be6eae8e8c74724.js?body=1" for ::1 at 2016-05-03 11:02:12 +1000


Started GET "/" for ::1 at 2016-05-03 11:02:18 +1000
Processing by WelcomeController#index as HTML
  Rendered welcome/index.html.erb within layouts/application (0.2ms)
Completed 200 OK in 30ms (Views: 28.8ms | ActiveRecord: 0.0ms)


Started GET "/assets/welcome.self-e3b0c44298fc1c149afbf4c8996fb92427ae41e4649b934ca495991b7852b855.css?body=1" for ::1 at 2016-05-03 11:02:18 +1000


Started GET "/assets/leaflet.self-c586f9a074399d87ecfe9b87e819f86390348631bc17b52f09bca64dcc315f71.css?body=1" for ::1 at 2016-05-03 11:02:18 +1000


Started GET "/assets/jquery_ujs.self-e87806d0cf4489aeb1bb7288016024e8de67fd18db693fe026fe3907581e53cd.js?body=1" for ::1 at 2016-05-03 11:02:18 +1000


Started GET "/assets/application.self-d885a0a66bd595c10edb24f8879f94e334d88be0730c4d7c7a7b57c731c09037.css?body=1" for ::1 at 2016-05-03 11:02:18 +1000


Started GET "/assets/turbolinks.self-c37727e9bd6b2735da5c311aa83fead54ed0be6cc8bd9a65309e9c5abe2cbfff.js?body=1" for ::1 at 2016-05-03 11:02:18 +1000


Started GET "/assets/leaflet.self-493a2d3ac5c979cb6eec7867e18ff192046edefb11bcccf2418ff1b1f1bfa431.js?body=1" for ::1 at 2016-05-03 11:02:18 +1000


Started GET "/assets/jquery.self-660adc51e0224b731d29f575a6f1ec167ba08ad06ed5deca4f1e8654c135bf4c.js?body=1" for ::1 at 2016-05-03 11:02:18 +1000


Started GET "/assets/welcome.self-877aef30ae1b040ab8a3aba4e3e309a11d7f2612f44dde450b5c157aa5f95c05.js?body=1" for ::1 at 2016-05-03 11:02:18 +1000


Started GET "/assets/application.self-f8806224e027f3e3f0138ea9ce99319e298dfdb323304d1f1be6eae8e8c74724.js?body=1" for ::1 at 2016-05-03 11:02:18 +1000


Started GET "/" for ::1 at 2016-05-03 11:02:42 +1000
Processing by WelcomeController#index as HTML
  Rendered welcome/index.html.erb within layouts/application (0.5ms)
Completed 200 OK in 25ms (Views: 24.8ms | ActiveRecord: 0.0ms)


Started GET "/assets/welcome.self-e3b0c44298fc1c149afbf4c8996fb92427ae41e4649b934ca495991b7852b855.css?body=1" for ::1 at 2016-05-03 11:02:42 +1000


Started GET "/assets/application.self-d885a0a66bd595c10edb24f8879f94e334d88be0730c4d7c7a7b57c731c09037.css?body=1" for ::1 at 2016-05-03 11:02:43 +1000


Started GET "/assets/jquery_ujs.self-e87806d0cf4489aeb1bb7288016024e8de67fd18db693fe026fe3907581e53cd.js?body=1" for ::1 at 2016-05-03 11:02:43 +1000


Started GET "/assets/turbolinks.self-c37727e9bd6b2735da5c311aa83fead54ed0be6cc8bd9a65309e9c5abe2cbfff.js?body=1" for ::1 at 2016-05-03 11:02:43 +1000


Started GET "/assets/jquery.self-660adc51e0224b731d29f575a6f1ec167ba08ad06ed5deca4f1e8654c135bf4c.js?body=1" for ::1 at 2016-05-03 11:02:43 +1000


Started GET "/assets/leaflet.self-c586f9a074399d87ecfe9b87e819f86390348631bc17b52f09bca64dcc315f71.css?body=1" for ::1 at 2016-05-03 11:02:43 +1000


Started GET "/assets/leaflet.self-493a2d3ac5c979cb6eec7867e18ff192046edefb11bcccf2418ff1b1f1bfa431.js?body=1" for ::1 at 2016-05-03 11:02:43 +1000


Started GET "/assets/welcome.self-877aef30ae1b040ab8a3aba4e3e309a11d7f2612f44dde450b5c157aa5f95c05.js?body=1" for ::1 at 2016-05-03 11:02:43 +1000


Started GET "/assets/application.self-f8806224e027f3e3f0138ea9ce99319e298dfdb323304d1f1be6eae8e8c74724.js?body=1" for ::1 at 2016-05-03 11:02:43 +1000


Started GET "/" for ::1 at 2016-05-03 11:03:29 +1000
Processing by WelcomeController#index as HTML
  Rendered welcome/index.html.erb within layouts/application (0.6ms)
Completed 200 OK in 45ms (Views: 44.2ms | ActiveRecord: 0.0ms)


Started GET "/assets/welcome.self-e3b0c44298fc1c149afbf4c8996fb92427ae41e4649b934ca495991b7852b855.css?body=1" for ::1 at 2016-05-03 11:03:29 +1000


Started GET "/assets/application.self-d885a0a66bd595c10edb24f8879f94e334d88be0730c4d7c7a7b57c731c09037.css?body=1" for ::1 at 2016-05-03 11:03:29 +1000


Started GET "/assets/leaflet.self-493a2d3ac5c979cb6eec7867e18ff192046edefb11bcccf2418ff1b1f1bfa431.js?body=1" for ::1 at 2016-05-03 11:03:29 +1000


Started GET "/assets/leaflet.self-c586f9a074399d87ecfe9b87e819f86390348631bc17b52f09bca64dcc315f71.css?body=1" for ::1 at 2016-05-03 11:03:29 +1000


Started GET "/assets/jquery.self-660adc51e0224b731d29f575a6f1ec167ba08ad06ed5deca4f1e8654c135bf4c.js?body=1" for ::1 at 2016-05-03 11:03:29 +1000


Started GET "/assets/jquery_ujs.self-e87806d0cf4489aeb1bb7288016024e8de67fd18db693fe026fe3907581e53cd.js?body=1" for ::1 at 2016-05-03 11:03:29 +1000


Started GET "/assets/turbolinks.self-c37727e9bd6b2735da5c311aa83fead54ed0be6cc8bd9a65309e9c5abe2cbfff.js?body=1" for ::1 at 2016-05-03 11:03:29 +1000


Started GET "/assets/welcome.self-877aef30ae1b040ab8a3aba4e3e309a11d7f2612f44dde450b5c157aa5f95c05.js?body=1" for ::1 at 2016-05-03 11:03:29 +1000


Started GET "/assets/application.self-f8806224e027f3e3f0138ea9ce99319e298dfdb323304d1f1be6eae8e8c74724.js?body=1" for ::1 at 2016-05-03 11:03:29 +1000


Started GET "/" for ::1 at 2016-05-03 11:04:32 +1000
Processing by WelcomeController#index as HTML
  Rendered welcome/index.html.erb within layouts/application (0.6ms)
Completed 200 OK in 41ms (Views: 40.1ms | ActiveRecord: 0.0ms)


Started GET "/assets/welcome.self-e3b0c44298fc1c149afbf4c8996fb92427ae41e4649b934ca495991b7852b855.css?body=1" for ::1 at 2016-05-03 11:04:32 +1000


Started GET "/assets/application.self-d885a0a66bd595c10edb24f8879f94e334d88be0730c4d7c7a7b57c731c09037.css?body=1" for ::1 at 2016-05-03 11:04:32 +1000


Started GET "/assets/leaflet.self-c586f9a074399d87ecfe9b87e819f86390348631bc17b52f09bca64dcc315f71.css?body=1" for ::1 at 2016-05-03 11:04:32 +1000


Started GET "/assets/jquery_ujs.self-e87806d0cf4489aeb1bb7288016024e8de67fd18db693fe026fe3907581e53cd.js?body=1" for ::1 at 2016-05-03 11:04:32 +1000


Started GET "/assets/turbolinks.self-c37727e9bd6b2735da5c311aa83fead54ed0be6cc8bd9a65309e9c5abe2cbfff.js?body=1" for ::1 at 2016-05-03 11:04:32 +1000


Started GET "/assets/leaflet.self-493a2d3ac5c979cb6eec7867e18ff192046edefb11bcccf2418ff1b1f1bfa431.js?body=1" for ::1 at 2016-05-03 11:04:32 +1000


Started GET "/assets/jquery.self-660adc51e0224b731d29f575a6f1ec167ba08ad06ed5deca4f1e8654c135bf4c.js?body=1" for ::1 at 2016-05-03 11:04:32 +1000


Started GET "/assets/welcome.self-877aef30ae1b040ab8a3aba4e3e309a11d7f2612f44dde450b5c157aa5f95c05.js?body=1" for ::1 at 2016-05-03 11:04:32 +1000


Started GET "/assets/application.self-f8806224e027f3e3f0138ea9ce99319e298dfdb323304d1f1be6eae8e8c74724.js?body=1" for ::1 at 2016-05-03 11:04:32 +1000


Started GET "/" for ::1 at 2016-05-03 11:05:00 +1000
Processing by WelcomeController#index as HTML
  Rendered welcome/index.html.erb within layouts/application (0.6ms)
Completed 200 OK in 62ms (Views: 61.2ms | ActiveRecord: 0.0ms)


Started GET "/assets/application.self-d885a0a66bd595c10edb24f8879f94e334d88be0730c4d7c7a7b57c731c09037.css?body=1" for ::1 at 2016-05-03 11:05:00 +1000


Started GET "/assets/leaflet.self-c586f9a074399d87ecfe9b87e819f86390348631bc17b52f09bca64dcc315f71.css?body=1" for ::1 at 2016-05-03 11:05:00 +1000


Started GET "/assets/jquery.self-660adc51e0224b731d29f575a6f1ec167ba08ad06ed5deca4f1e8654c135bf4c.js?body=1" for ::1 at 2016-05-03 11:05:00 +1000


Started GET "/assets/turbolinks.self-c37727e9bd6b2735da5c311aa83fead54ed0be6cc8bd9a65309e9c5abe2cbfff.js?body=1" for ::1 at 2016-05-03 11:05:00 +1000


Started GET "/assets/jquery_ujs.self-e87806d0cf4489aeb1bb7288016024e8de67fd18db693fe026fe3907581e53cd.js?body=1" for ::1 at 2016-05-03 11:05:00 +1000


Started GET "/assets/leaflet.self-493a2d3ac5c979cb6eec7867e18ff192046edefb11bcccf2418ff1b1f1bfa431.js?body=1" for ::1 at 2016-05-03 11:05:00 +1000


Started GET "/assets/welcome.self-877aef30ae1b040ab8a3aba4e3e309a11d7f2612f44dde450b5c157aa5f95c05.js?body=1" for ::1 at 2016-05-03 11:05:00 +1000


Started GET "/assets/application.self-f8806224e027f3e3f0138ea9ce99319e298dfdb323304d1f1be6eae8e8c74724.js?body=1" for ::1 at 2016-05-03 11:05:00 +1000


Started GET "/assets/welcome.self-e3b0c44298fc1c149afbf4c8996fb92427ae41e4649b934ca495991b7852b855.css?body=1" for ::1 at 2016-05-03 11:05:00 +1000


Started GET "/" for ::1 at 2016-05-03 11:05:19 +1000
Processing by WelcomeController#index as HTML
  Rendered welcome/index.html.erb within layouts/application (0.3ms)
Completed 200 OK in 24ms (Views: 23.2ms | ActiveRecord: 0.0ms)


Started GET "/assets/welcome.self-e3b0c44298fc1c149afbf4c8996fb92427ae41e4649b934ca495991b7852b855.css?body=1" for ::1 at 2016-05-03 11:05:19 +1000


Started GET "/assets/application.self-d885a0a66bd595c10edb24f8879f94e334d88be0730c4d7c7a7b57c731c09037.css?body=1" for ::1 at 2016-05-03 11:05:19 +1000


Started GET "/assets/jquery.self-660adc51e0224b731d29f575a6f1ec167ba08ad06ed5deca4f1e8654c135bf4c.js?body=1" for ::1 at 2016-05-03 11:05:19 +1000


Started GET "/assets/turbolinks.self-c37727e9bd6b2735da5c311aa83fead54ed0be6cc8bd9a65309e9c5abe2cbfff.js?body=1" for ::1 at 2016-05-03 11:05:19 +1000


Started GET "/assets/application.self-f8806224e027f3e3f0138ea9ce99319e298dfdb323304d1f1be6eae8e8c74724.js?body=1" for ::1 at 2016-05-03 11:05:19 +1000


Started GET "/assets/jquery_ujs.self-e87806d0cf4489aeb1bb7288016024e8de67fd18db693fe026fe3907581e53cd.js?body=1" for ::1 at 2016-05-03 11:05:19 +1000


Started GET "/assets/leaflet.self-493a2d3ac5c979cb6eec7867e18ff192046edefb11bcccf2418ff1b1f1bfa431.js?body=1" for ::1 at 2016-05-03 11:05:19 +1000


Started GET "/assets/welcome.self-877aef30ae1b040ab8a3aba4e3e309a11d7f2612f44dde450b5c157aa5f95c05.js?body=1" for ::1 at 2016-05-03 11:05:19 +1000


Started GET "/assets/leaflet.self-c586f9a074399d87ecfe9b87e819f86390348631bc17b52f09bca64dcc315f71.css?body=1" for ::1 at 2016-05-03 11:05:19 +1000


Started GET "/" for ::1 at 2016-05-03 11:12:13 +1000
Processing by WelcomeController#index as HTML
  Rendered welcome/index.html.erb within layouts/application (2.3ms)
Completed 200 OK in 242ms (Views: 234.7ms | ActiveRecord: 0.0ms)


Started GET "/assets/application.self-d885a0a66bd595c10edb24f8879f94e334d88be0730c4d7c7a7b57c731c09037.css?body=1" for ::1 at 2016-05-03 11:12:13 +1000


Started GET "/assets/welcome.self-e3b0c44298fc1c149afbf4c8996fb92427ae41e4649b934ca495991b7852b855.css?body=1" for ::1 at 2016-05-03 11:12:13 +1000


Started GET "/assets/leaflet.self-c586f9a074399d87ecfe9b87e819f86390348631bc17b52f09bca64dcc315f71.css?body=1" for ::1 at 2016-05-03 11:12:13 +1000


Started GET "/assets/leaflet.self-493a2d3ac5c979cb6eec7867e18ff192046edefb11bcccf2418ff1b1f1bfa431.js?body=1" for ::1 at 2016-05-03 11:12:14 +1000


Started GET "/assets/welcome.self-877aef30ae1b040ab8a3aba4e3e309a11d7f2612f44dde450b5c157aa5f95c05.js?body=1" for ::1 at 2016-05-03 11:12:14 +1000


Started GET "/assets/jquery.self-660adc51e0224b731d29f575a6f1ec167ba08ad06ed5deca4f1e8654c135bf4c.js?body=1" for ::1 at 2016-05-03 11:12:14 +1000


Started GET "/assets/jquery_ujs.self-e87806d0cf4489aeb1bb7288016024e8de67fd18db693fe026fe3907581e53cd.js?body=1" for ::1 at 2016-05-03 11:12:14 +1000


Started GET "/assets/turbolinks.self-c37727e9bd6b2735da5c311aa83fead54ed0be6cc8bd9a65309e9c5abe2cbfff.js?body=1" for ::1 at 2016-05-03 11:12:14 +1000


Started GET "/assets/application.self-f8806224e027f3e3f0138ea9ce99319e298dfdb323304d1f1be6eae8e8c74724.js?body=1" for ::1 at 2016-05-03 11:12:14 +1000


Started GET "/" for ::1 at 2016-05-03 11:13:15 +1000
Processing by WelcomeController#index as HTML
  Rendered welcome/index.html.erb within layouts/application (0.5ms)
Completed 200 OK in 72ms (Views: 70.8ms | ActiveRecord: 0.0ms)


Started GET "/assets/welcome.self-e3b0c44298fc1c149afbf4c8996fb92427ae41e4649b934ca495991b7852b855.css?body=1" for ::1 at 2016-05-03 11:13:15 +1000


Started GET "/assets/application.self-d885a0a66bd595c10edb24f8879f94e334d88be0730c4d7c7a7b57c731c09037.css?body=1" for ::1 at 2016-05-03 11:13:15 +1000


Started GET "/assets/leaflet.self-c586f9a074399d87ecfe9b87e819f86390348631bc17b52f09bca64dcc315f71.css?body=1" for ::1 at 2016-05-03 11:13:15 +1000


Started GET "/assets/jquery_ujs.self-e87806d0cf4489aeb1bb7288016024e8de67fd18db693fe026fe3907581e53cd.js?body=1" for ::1 at 2016-05-03 11:13:15 +1000


Started GET "/assets/jquery.self-660adc51e0224b731d29f575a6f1ec167ba08ad06ed5deca4f1e8654c135bf4c.js?body=1" for ::1 at 2016-05-03 11:13:15 +1000


Started GET "/assets/turbolinks.self-c37727e9bd6b2735da5c311aa83fead54ed0be6cc8bd9a65309e9c5abe2cbfff.js?body=1" for ::1 at 2016-05-03 11:13:15 +1000


Started GET "/assets/leaflet.self-493a2d3ac5c979cb6eec7867e18ff192046edefb11bcccf2418ff1b1f1bfa431.js?body=1" for ::1 at 2016-05-03 11:13:15 +1000


Started GET "/assets/welcome.self-877aef30ae1b040ab8a3aba4e3e309a11d7f2612f44dde450b5c157aa5f95c05.js?body=1" for ::1 at 2016-05-03 11:13:15 +1000


Started GET "/assets/application.self-f8806224e027f3e3f0138ea9ce99319e298dfdb323304d1f1be6eae8e8c74724.js?body=1" for ::1 at 2016-05-03 11:13:15 +1000
